<?xml version="1.0" encoding="UTF-8"?>
<testng-results skipped="0" failed="0" ignored="0" total="2" passed="2">
  <reporter-output>
  </reporter-output>
  <suite name="Default suite" duration-ms="106" started-at="2023-03-07T20:40:23 IST" finished-at="2023-03-07T20:40:23 IST">
    <groups>
    </groups>
    <test name="Default test" duration-ms="106" started-at="2023-03-07T20:40:23 IST" finished-at="2023-03-07T20:40:23 IST">
      <class name="Maven_Testing.NewTest">
        <test-method status="PASS" signature="beforeClass()[pri:0, instance:Maven_Testing.NewTest@69b0fd6f]" name="beforeClass" is-config="true" duration-ms="16" started-at="2023-03-07T20:40:23 IST" finished-at="2023-03-07T20:40:23 IST">
          <reporter-output>
          </reporter-output>
        </test-method> <!-- beforeClass -->
        <test-method status="PASS" signature="f()[pri:0, instance:Maven_Testing.NewTest@69b0fd6f]" name="f" duration-ms="0" started-at="2023-03-07T20:40:23 IST" finished-at="2023-03-07T20:40:23 IST">
          <reporter-output>
          </reporter-output>
        </test-method> <!-- f -->
        <test-method status="PASS" signature="beforeMethod()[pri:0, instance:Maven_Testing.NewTest@69b0fd6f]" name="beforeMethod" is-config="true" duration-ms="0" started-at="2023-03-07T20:40:23 IST" finished-at="2023-03-07T20:40:23 IST">
          <reporter-output>
          </reporter-output>
        </test-method> <!-- beforeMethod -->
        <test-method status="PASS" signature="afterMethod()[pri:0, instance:Maven_Testing.NewTest@69b0fd6f]" name="afterMethod" is-config="true" duration-ms="0" started-at="2023-03-07T20:40:23 IST" finished-at="2023-03-07T20:40:23 IST">
          <reporter-output>
          </reporter-output>
        </test-method> <!-- afterMethod -->
        <test-method status="PASS" signature="beforeMethod()[pri:0, instance:Maven_Testing.NewTest@69b0fd6f]" name="beforeMethod" is-config="true" duration-ms="0" started-at="2023-03-07T20:40:23 IST" finished-at="2023-03-07T20:40:23 IST">
          <reporter-output>
          </reporter-output>
        </test-method> <!-- beforeMethod -->
        <test-method status="PASS" signature="f1()[pri:0, instance:Maven_Testing.NewTest@69b0fd6f]" name="f1" duration-ms="0" started-at="2023-03-07T20:40:23 IST" finished-at="2023-03-07T20:40:23 IST">
          <reporter-output>
          </reporter-output>
        </test-method> <!-- f1 -->
        <test-method status="PASS" signature="afterClass()[pri:0, instance:Maven_Testing.NewTest@69b0fd6f]" name="afterClass" is-config="true" duration-ms="0" started-at="2023-03-07T20:40:23 IST" finished-at="2023-03-07T20:40:23 IST">
          <reporter-output>
          </reporter-output>
        </test-method> <!-- afterClass -->
        <test-method status="PASS" signature="afterMethod()[pri:0, instance:Maven_Testing.NewTest@69b0fd6f]" name="afterMethod" is-config="true" duration-ms="0" started-at="2023-03-07T20:40:23 IST" finished-at="2023-03-07T20:40:23 IST">
          <reporter-output>
          </reporter-output>
        </test-method> <!-- afterMethod -->
      </class> <!-- Maven_Testing.NewTest -->
    </test> <!-- Default test -->
  </suite> <!-- Default suite -->
</testng-results>
